c:\users\user\source\repos\casino\casino\x64\debug\vc143.pdb
c:\users\user\source\repos\casino\casino\x64\debug\vc143.idb
c:\users\user\source\repos\casino\casino\x64\debug\utils.obj
c:\users\user\source\repos\casino\casino\x64\debug\roulette.obj
c:\users\user\source\repos\casino\casino\x64\debug\main.obj
c:\users\user\source\repos\casino\casino\x64\debug\craps.obj
c:\users\user\source\repos\casino\casino\x64\debug\blackjack.obj
c:\users\user\source\repos\casino\casino\x64\debug\football.obj
c:\users\user\source\repos\casino\casino\x64\debug\slots.obj
c:\users\user\source\repos\casino\x64\debug\casino.exe
c:\users\user\source\repos\casino\x64\debug\casino.pdb
c:\users\user\source\repos\casino\casino\x64\debug\casino.ilk
c:\users\user\source\repos\casino\casino\x64\debug\casino.tlog\cl.command.1.tlog
c:\users\user\source\repos\casino\casino\x64\debug\casino.tlog\cl.items.tlog
c:\users\user\source\repos\casino\casino\x64\debug\casino.tlog\cl.read.1.tlog
c:\users\user\source\repos\casino\casino\x64\debug\casino.tlog\cl.write.1.tlog
c:\users\user\source\repos\casino\casino\x64\debug\casino.tlog\link.command.1.tlog
c:\users\user\source\repos\casino\casino\x64\debug\casino.tlog\link.read.1.tlog
c:\users\user\source\repos\casino\casino\x64\debug\casino.tlog\link.secondary.1.tlog
c:\users\user\source\repos\casino\casino\x64\debug\casino.tlog\link.write.1.tlog
